commit c8896f137279bedf4497a42a4671e693b55016f2
Author: Naman Jain <naman653@gmail.com>
Date:   Mon Oct 29 02:14:28 2018 +0530

    Initial commit

commit 772daadc05bf54c6bc1f3bc026c6df5d926b6013
Author: Naman Jain <31595908+naman653@users.noreply.github.com>
Date:   Sun Oct 28 23:47:16 2018 +0530

    Created Readme.md

commit a1212c189070c26e5e3b8c1abc3ee705956f8e28
Author: Naman Jain <31595908+naman653@users.noreply.github.com>
Date:   Sun Oct 28 23:43:44 2018 +0530

    Added demo gif image for readme.

commit 0c999e837a1ba6dc6c100e1808b403d13386a875
Author: Naman Jain <naman653@gmail.com>
Date:   Sun Oct 28 23:37:56 2018 +0530

    Changed launcher icon of the app.

commit f0d9b6fba31a633a504a0925db54b22cc25cac72
Author: Naman Jain <naman653@gmail.com>
Date:   Sun Oct 28 22:59:51 2018 +0530

    Initial Commit
